<?xml version="1.0" encoding="UTF-8"?>
<coverage generated="1746230843491" clover="3.2.0">
  <project timestamp="1746230843491" name="All files">
    <metrics statements="26" coveredstatements="26" conditionals="8" coveredconditionals="8" methods="13" coveredmethods="13" elements="47" coveredelements="47" complexity="0" loc="26" ncloc="26" packages="1" files="1" classes="1"/>
    <file name="calculator.js" path="C:\Users\laure\Documents\Web Development\calculator\scripts\calculator.js">
      <metrics statements="26" coveredstatements="26" conditionals="8" coveredconditionals="8" methods="13" coveredmethods="13"/>
      <line num="1" count="1" type="stmt"/>
      <line num="6" count="5" type="stmt"/>
      <line num="7" count="10" type="cond" truecount="2" falsecount="0"/>
      <line num="8" count="3" type="stmt"/>
      <line num="11" count="2" type="stmt"/>
      <line num="17" count="4" type="stmt"/>
      <line num="18" count="4" type="stmt"/>
      <line num="23" count="4" type="stmt"/>
      <line num="24" count="4" type="cond" truecount="4" falsecount="0"/>
      <line num="25" count="2" type="stmt"/>
      <line num="27" count="2" type="stmt"/>
      <line num="31" count="4" type="stmt"/>
      <line num="32" count="4" type="stmt"/>
      <line num="36" count="4" type="stmt"/>
      <line num="37" count="4" type="stmt"/>
      <line num="41" count="5" type="stmt"/>
      <line num="42" count="11" type="cond" truecount="2" falsecount="0"/>
      <line num="43" count="3" type="stmt"/>
      <line num="46" count="2" type="stmt"/>
      <line num="50" count="7" type="stmt"/>
      <line num="54" count="4" type="stmt"/>
      <line num="58" count="2" type="stmt"/>
      <line num="62" count="2" type="stmt"/>
      <line num="66" count="3" type="stmt"/>
      <line num="70" count="7" type="stmt"/>
      <line num="73" count="1" type="stmt"/>
    </file>
  </project>
</coverage>
