{"C:\\Users\\laure\\Documents\\Web Development\\calculator\\scripts\\calculator.js": {"path":"C:\\Users\\laure\\Documents\\Web Development\\calculator\\scripts\\calculator.js","statementMap":{"0":{"start":{"line":1,"column":19},"end":{"line":1,"column":39}},"1":{"start":{"line":6,"column":4},"end":{"line":10,"column":5}},"2":{"start":{"line":6,"column":17},"end":{"line":6,"column":38}},"3":{"start":{"line":7,"column":8},"end":{"line":9,"column":9}},"4":{"start":{"line":8,"column":12},"end":{"line":8,"column":47}},"5":{"start":{"line":11,"column":4},"end":{"line":11,"column":22}},"6":{"start":{"line":17,"column":4},"end":{"line":19,"column":5}},"7":{"start":{"line":18,"column":4},"end":{"line":18,"column":24}},"8":{"start":{"line":23,"column":25},"end":{"line":23,"column":42}},"9":{"start":{"line":24,"column":4},"end":{"line":26,"column":5}},"10":{"start":{"line":25,"column":8},"end":{"line":25,"column":45}},"11":{"start":{"line":27,"column":4},"end":{"line":27,"column":18}},"12":{"start":{"line":31,"column":21},"end":{"line":31,"column":54}},"13":{"start":{"line":32,"column":4},"end":{"line":32,"column":33}},"14":{"start":{"line":36,"column":21},"end":{"line":36,"column":54}},"15":{"start":{"line":37,"column":4},"end":{"line":37,"column":31}},"16":{"start":{"line":41,"column":4},"end":{"line":45,"column":5}},"17":{"start":{"line":41,"column":17},"end":{"line":41,"column":18}},"18":{"start":{"line":42,"column":8},"end":{"line":44,"column":9}},"19":{"start":{"line":43,"column":12},"end":{"line":43,"column":25}},"20":{"start":{"line":46,"column":4},"end":{"line":46,"column":16}},"21":{"start":{"line":50,"column":3},"end":{"line":50,"column":40}},"22":{"start":{"line":54,"column":4},"end":{"line":54,"column":28}},"23":{"start":{"line":58,"column":4},"end":{"line":58,"column":30}},"24":{"start":{"line":62,"column":4},"end":{"line":62,"column":28}},"25":{"start":{"line":66,"column":4},"end":{"line":66,"column":28}},"26":{"start":{"line":70,"column":4},"end":{"line":70,"column":28}},"27":{"start":{"line":73,"column":0},"end":{"line":86,"column":4}}},"fnMap":{"0":{"name":"getCurrentNumber","decl":{"start":{"line":4,"column":9},"end":{"line":4,"column":25}},"loc":{"start":{"line":4,"column":38},"end":{"line":12,"column":1}},"line":4},"1":{"name":"handlePercentage","decl":{"start":{"line":14,"column":9},"end":{"line":14,"column":25}},"loc":{"start":{"line":14,"column":38},"end":{"line":20,"column":1}},"line":14},"2":{"name":"(anonymous_2)","decl":{"start":{"line":17,"column":41},"end":{"line":17,"column":42}},"loc":{"start":{"line":17,"column":65},"end":{"line":19,"column":3}},"line":17},"3":{"name":"handleDecimals","decl":{"start":{"line":22,"column":9},"end":{"line":22,"column":23}},"loc":{"start":{"line":22,"column":32},"end":{"line":28,"column":1}},"line":22},"4":{"name":"lastSelectedWasOperation","decl":{"start":{"line":30,"column":9},"end":{"line":30,"column":33}},"loc":{"start":{"line":30,"column":46},"end":{"line":33,"column":1}},"line":30},"5":{"name":"lastSelectedWasPercent","decl":{"start":{"line":35,"column":9},"end":{"line":35,"column":31}},"loc":{"start":{"line":35,"column":44},"end":{"line":38,"column":1}},"line":35},"6":{"name":"isNumber","decl":{"start":{"line":40,"column":9},"end":{"line":40,"column":17}},"loc":{"start":{"line":40,"column":28},"end":{"line":47,"column":1}},"line":40},"7":{"name":"isOperation","decl":{"start":{"line":49,"column":9},"end":{"line":49,"column":20}},"loc":{"start":{"line":49,"column":31},"end":{"line":51,"column":1}},"line":49},"8":{"name":"isClear","decl":{"start":{"line":53,"column":9},"end":{"line":53,"column":16}},"loc":{"start":{"line":53,"column":27},"end":{"line":55,"column":1}},"line":53},"9":{"name":"isDelete","decl":{"start":{"line":57,"column":9},"end":{"line":57,"column":17}},"loc":{"start":{"line":57,"column":28},"end":{"line":59,"column":1}},"line":57},"10":{"name":"isEquals","decl":{"start":{"line":61,"column":9},"end":{"line":61,"column":17}},"loc":{"start":{"line":61,"column":28},"end":{"line":63,"column":1}},"line":61},"11":{"name":"isDecimal","decl":{"start":{"line":65,"column":9},"end":{"line":65,"column":18}},"loc":{"start":{"line":65,"column":29},"end":{"line":67,"column":1}},"line":65},"12":{"name":"isPercent","decl":{"start":{"line":69,"column":9},"end":{"line":69,"column":18}},"loc":{"start":{"line":69,"column":29},"end":{"line":71,"column":1}},"line":69}},"branchMap":{"0":{"loc":{"start":{"line":7,"column":8},"end":{"line":9,"column":9}},"type":"if","locations":[{"start":{"line":7,"column":8},"end":{"line":9,"column":9}},{"start":{},"end":{}}],"line":7},"1":{"loc":{"start":{"line":24,"column":4},"end":{"line":26,"column":5}},"type":"if","locations":[{"start":{"line":24,"column":4},"end":{"line":26,"column":5}},{"start":{},"end":{}}],"line":24},"2":{"loc":{"start":{"line":24,"column":8},"end":{"line":24,"column":75}},"type":"binary-expr","locations":[{"start":{"line":24,"column":8},"end":{"line":24,"column":34}},{"start":{"line":24,"column":38},"end":{"line":24,"column":75}}],"line":24},"3":{"loc":{"start":{"line":42,"column":8},"end":{"line":44,"column":9}},"type":"if","locations":[{"start":{"line":42,"column":8},"end":{"line":44,"column":9}},{"start":{},"end":{}}],"line":42}},"s":{"0":1,"1":5,"2":5,"3":10,"4":3,"5":2,"6":4,"7":4,"8":4,"9":4,"10":2,"11":2,"12":4,"13":4,"14":4,"15":4,"16":5,"17":5,"18":11,"19":3,"20":2,"21":7,"22":4,"23":2,"24":2,"25":3,"26":7,"27":1},"f":{"0":5,"1":4,"2":4,"3":4,"4":4,"5":4,"6":5,"7":7,"8":4,"9":2,"10":2,"11":3,"12":7},"b":{"0":[3,7],"1":[2,2],"2":[4,3],"3":[3,8]},"_coverageSchema":"1a1c01bbd47fc00a2c39e90264f33305004495a9","hash":"a9cd603ecdd152396f745c487d4ed7f2535cdd12"}
}
