TN:
SF:scripts\calculator.js
FN:4,getCurrentNumber
FN:14,handlePercentage
FN:17,(anonymous_2)
FN:22,handleDecimals
FN:30,lastSelectedWasOperation
FN:35,lastSelectedWasPercent
FN:40,isNumber
FN:49,isOperation
FN:53,isClear
FN:57,isDelete
FN:61,isEquals
FN:65,isDecimal
FN:69,isPercent
FNF:13
FNH:13
FNDA:5,getCurrentNumber
FNDA:4,handlePercentage
FNDA:4,(anonymous_2)
FNDA:4,handleDecimals
FNDA:4,lastSelectedWasOperation
FNDA:4,lastSelectedWasPercent
FNDA:5,isNumber
FNDA:7,isOperation
FNDA:4,isClear
FNDA:2,isDelete
FNDA:2,isEquals
FNDA:3,isDecimal
FNDA:7,isPercent
DA:1,1
DA:6,5
DA:7,10
DA:8,3
DA:11,2
DA:17,4
DA:18,4
DA:23,4
DA:24,4
DA:25,2
DA:27,2
DA:31,4
DA:32,4
DA:36,4
DA:37,4
DA:41,5
DA:42,11
DA:43,3
DA:46,2
DA:50,7
DA:54,4
DA:58,2
DA:62,2
DA:66,3
DA:70,7
DA:73,1
LF:26
LH:26
BRDA:7,0,0,3
BRDA:7,0,1,7
BRDA:24,1,0,2
BRDA:24,1,1,2
BRDA:24,2,0,4
BRDA:24,2,1,3
BRDA:42,3,0,3
BRDA:42,3,1,8
BRF:8
BRH:8
end_of_record
